<?xml version="1.0" encoding="UTF-8"?>
<testsuite xmlns:xsi="http://www.w3.org/2001/XMLSchema-instance" xsi:noNamespaceSchemaLocation="https://maven.apache.org/surefire/maven-surefire-plugin/xsd/surefire-test-report.xsd" version="3.0.1" name="es.upm.grise.profundizacion.file.FileTest" time="0.077" tests="6" errors="0" skipped="0" failures="0">
  <properties>
[...]
</properties>
  <testcase name="addPropertyTipoImageLanzaExcepcion" classname="es.upm.grise.profundizacion.file.FileTest" time="0.036"/>
  <testcase name="crcUsaFileUtils" classname="es.upm.grise.profundizacion.file.FileTest" time="0.004"/>
  <testcase name="crcVacioDevuelveCero" classname="es.upm.grise.profundizacion.file.FileTest" time="0.001"/>
  <testcase name="addPropertyConcatenaContenido" classname="es.upm.grise.profundizacion.file.FileTest" time="0.001"/>
  <testcase name="addPropertyNullLanzaExcepcion" classname="es.upm.grise.profundizacion.file.FileTest" time="0.001"/>
  <testcase name="addPropertyAgregaContenido" classname="es.upm.grise.profundizacion.file.FileTest" time="0.002"/>
</testsuite>